<?xml version="1.0" encoding="UTF-8"?>
<!-- Generated by org.testng.reporters.JUnitReportReporter -->
<testsuite skipped="0" hostname="DESKTOP-QEV1T8U" name="com.inetbanking.testCases.TC_AddCustomerTest_003" tests="1" failures="0" timestamp="24 Jul 2021 12:02:47 GMT" time="18.402" errors="0">
  <testcase name="addNewCustomer" time="18.402" classname="com.inetbanking.testCases.TC_AddCustomerTest_003"/>
</testsuite> <!-- com.inetbanking.testCases.TC_AddCustomerTest_003 -->
