<?xml version="1.0" encoding="UTF-8"?>
<!-- Generated by org.testng.reporters.JUnitReportReporter -->
<testsuite skipped="0" hostname="DESKTOP-QEV1T8U" name="com.inetbanking.testCases.TC_LoginTest_001" tests="1" failures="0" timestamp="24 Jul 2021 12:08:07 GMT" time="3.696" errors="0">
  <testcase name="loginTest" time="3.696" classname="com.inetbanking.testCases.TC_LoginTest_001"/>
</testsuite> <!-- com.inetbanking.testCases.TC_LoginTest_001 -->
