<?xml version="1.0" encoding="UTF-8"?>
<!-- Generated by org.testng.reporters.JUnitReportReporter -->
<testsuite skipped="0" hostname="DESKTOP-QEV1T8U" name="com.inetbanking.testCases.Tc_LoginDDT_002" tests="2" failures="0" timestamp="24 Jul 2021 12:17:31 GMT" time="24.783" errors="0">
  <testcase name="loginDDT" time="10.899" classname="com.inetbanking.testCases.Tc_LoginDDT_002"/>
  <testcase name="loginDDT" time="13.884" classname="com.inetbanking.testCases.Tc_LoginDDT_002"/>
</testsuite> <!-- com.inetbanking.testCases.Tc_LoginDDT_002 -->
