<?xml version="1.0" encoding="UTF-8"?>
<!-- Generated by org.testng.reporters.JUnitReportReporter -->
<testsuite skipped="0" hostname="DESKTOP-QEV1T8U" name="com.inetbanking.testCases.TC_LoginTest_001" tests="1" failures="0" timestamp="27 Jul 2021 11:39:36 GMT" time="14.672" errors="0">
  <testcase name="loginTest" time="14.672" classname="com.inetbanking.testCases.TC_LoginTest_001"/>
</testsuite> <!-- com.inetbanking.testCases.TC_LoginTest_001 -->
